2019-07-13 19:29:55.097  INFO 12900 --- [main] c.classproject.ClassProjectApplication   : Starting ClassProjectApplication on Zsolt with PID 12900 (C:\Users\Zsolt\Documents\stsProjects\ClassProject\target\classes started by Zsolt in C:\Users\Zsolt\Documents\stsProjects\ClassProject)
2019-07-13 19:29:55.112 DEBUG 12900 --- [main] c.classproject.ClassProjectApplication   : Running with Spring Boot v2.1.3.RELEASE, Spring v5.1.5.RELEASE
2019-07-13 19:29:55.114  INFO 12900 --- [main] c.classproject.ClassProjectApplication   : No active profile set, falling back to default profiles: default
2019-07-13 19:29:57.097  INFO 12900 --- [main] .s.d.r.c.RepositoryConfigurationDelegate : Bootstrapping Spring Data repositories in DEFAULT mode.
2019-07-13 19:29:57.299  INFO 12900 --- [main] .s.d.r.c.RepositoryConfigurationDelegate : Finished Spring Data repository scanning in 186ms. Found 6 repository interfaces.
2019-07-13 19:29:58.042  INFO 12900 --- [main] trationDelegate$BeanPostProcessorChecker : Bean 'org.springframework.transaction.annotation.ProxyTransactionManagementConfiguration' of type [org.springframework.transaction.annotation.ProxyTransactionManagementConfiguration$$EnhancerBySpringCGLIB$$851ba68a] is not eligible for getting processed by all BeanPostProcessors (for example: not eligible for auto-proxying)
2019-07-13 19:29:58.125  INFO 12900 --- [main] trationDelegate$BeanPostProcessorChecker : Bean 'org.springframework.security.config.annotation.configuration.ObjectPostProcessorConfiguration' of type [org.springframework.security.config.annotation.configuration.ObjectPostProcessorConfiguration$$EnhancerBySpringCGLIB$$1dc96ec4] is not eligible for getting processed by all BeanPostProcessors (for example: not eligible for auto-proxying)
2019-07-13 19:29:58.138  INFO 12900 --- [main] trationDelegate$BeanPostProcessorChecker : Bean 'objectPostProcessor' of type [org.springframework.security.config.annotation.configuration.AutowireBeanFactoryObjectPostProcessor] is not eligible for getting processed by all BeanPostProcessors (for example: not eligible for auto-proxying)
2019-07-13 19:29:58.143  INFO 12900 --- [main] trationDelegate$BeanPostProcessorChecker : Bean 'org.springframework.security.access.expression.method.DefaultMethodSecurityExpressionHandler@7b2a3ff8' of type [org.springframework.security.access.expression.method.DefaultMethodSecurityExpressionHandler] is not eligible for getting processed by all BeanPostProcessors (for example: not eligible for auto-proxying)
2019-07-13 19:29:58.150  INFO 12900 --- [main] trationDelegate$BeanPostProcessorChecker : Bean 'org.springframework.security.config.annotation.method.configuration.GlobalMethodSecurityConfiguration' of type [org.springframework.security.config.annotation.method.configuration.GlobalMethodSecurityConfiguration$$EnhancerBySpringCGLIB$$429e1176] is not eligible for getting processed by all BeanPostProcessors (for example: not eligible for auto-proxying)
2019-07-13 19:29:58.161  INFO 12900 --- [main] trationDelegate$BeanPostProcessorChecker : Bean 'methodSecurityMetadataSource' of type [org.springframework.security.access.method.DelegatingMethodSecurityMetadataSource] is not eligible for getting processed by all BeanPostProcessors (for example: not eligible for auto-proxying)
2019-07-13 19:29:58.815  INFO 12900 --- [main] o.s.b.w.embedded.tomcat.TomcatWebServer  : Tomcat initialized with port(s): 8080 (http)
2019-07-13 19:29:58.886  INFO 12900 --- [main] o.apache.catalina.core.StandardService   : Starting service [Tomcat]
2019-07-13 19:29:58.888  INFO 12900 --- [main] org.apache.catalina.core.StandardEngine  : Starting Servlet engine: [Apache Tomcat/9.0.16]
2019-07-13 19:29:58.904  INFO 12900 --- [main] o.a.catalina.core.AprLifecycleListener   : The APR based Apache Tomcat Native library which allows optimal performance in production environments was not found on the java.library.path: [C:\Program Files\Java\jre1.8.0_211\bin;C:\Windows\Sun\Java\bin;C:\Windows\system32;C:\Windows;C:/Program Files/Java/jre1.8.0_211/bin/server;C:/Program Files/Java/jre1.8.0_211/bin;C:/Program Files/Java/jre1.8.0_211/lib/amd64;C:\Program Files (x86)\Common Files\Oracle\Java\javapath;C:\Windows\system32;C:\Windows;C:\Windows\System32\Wbem;C:\Windows\System32\WindowsPowerShell\v1.0\;C:\Windows\System32\OpenSSH\;C:\Program Files\Git\cmd;C:\Program Files\Java\jdk1.8.0_201\bin;C:\Program Files\Java\jdk1.8.0_201\lib;C:\cygwin64\bin;C:\cygwin64\lib;C:\Program Files\groovy-2.5.6\bin;C:\Program Files\gradle-5.2.1\bin;C:\Program Files\spring-2.1.3.RELEASE\bin;C:\Program Files\apache-maven-3.6.0\bin;C:\Program Files\Intel\WiFi\bin\;C:\Program Files\Common Files\Intel\WirelessCommon\;C:\Program Files (x86)\Intel\Intel(R) Management Engine Components\DAL;C:\Program Files\Intel\Intel(R) Management Engine Components\DAL;C:\Users\Zsolt\AppData\Local\Microsoft\WindowsApps;C:\Program Files\Java\jdk1.8.0_201;C:\cygwin64;C:\Program Files\Intel\WiFi\bin\;C:\Program Files\Common Files\Intel\WirelessCommon\;C:\Program Files\sts-bundle\sts-3.9.7.RELEASE;;.]
2019-07-13 19:29:59.217  INFO 12900 --- [main] o.a.c.c.C.[Tomcat].[localhost].[/]       : Initializing Spring embedded WebApplicationContext
2019-07-13 19:29:59.217  INFO 12900 --- [main] o.s.web.context.ContextLoader            : Root WebApplicationContext: initialization completed in 3750 ms
2019-07-13 19:29:59.440  INFO 12900 --- [main] com.zaxxer.hikari.HikariDataSource       : HikariPool-1 - Starting...
2019-07-13 19:30:01.160  INFO 12900 --- [main] com.zaxxer.hikari.HikariDataSource       : HikariPool-1 - Start completed.
2019-07-13 19:30:01.402  INFO 12900 --- [main] o.hibernate.jpa.internal.util.LogHelper  : HHH000204: Processing PersistenceUnitInfo [
	name: default
	...]
2019-07-13 19:30:01.678  INFO 12900 --- [main] org.hibernate.Version                    : HHH000412: Hibernate Core {5.3.7.Final}
2019-07-13 19:30:01.683  INFO 12900 --- [main] org.hibernate.cfg.Environment            : HHH000206: hibernate.properties not found
2019-07-13 19:30:02.261  INFO 12900 --- [main] o.hibernate.annotations.common.Version   : HCANN000001: Hibernate Commons Annotations {5.0.4.Final}
2019-07-13 19:30:02.880  INFO 12900 --- [main] org.hibernate.dialect.Dialect            : HHH000400: Using dialect: org.hibernate.dialect.PostgreSQLDialect
2019-07-13 19:30:02.913  INFO 12900 --- [main] o.h.e.j.e.i.LobCreatorBuilderImpl        : HHH000422: Disabling contextual LOB creation as connection was null
2019-07-13 19:30:02.924  INFO 12900 --- [main] org.hibernate.type.BasicTypeRegistry     : HHH000270: Type registration [java.util.UUID] overrides previous : org.hibernate.type.UUIDBinaryType@3178219a
2019-07-13 19:30:09.594  INFO 12900 --- [main] j.LocalContainerEntityManagerFactoryBean : Initialized JPA EntityManagerFactory for persistence unit 'default'
2019-07-13 19:30:11.379  INFO 12900 --- [main] o.s.s.concurrent.ThreadPoolTaskExecutor  : Initializing ExecutorService 'applicationTaskExecutor'
2019-07-13 19:30:11.491  WARN 12900 --- [main] aWebConfiguration$JpaWebMvcConfiguration : spring.jpa.open-in-view is enabled by default. Therefore, database queries may be performed during view rendering. Explicitly configure spring.jpa.open-in-view to disable this warning
2019-07-13 19:30:12.632  INFO 12900 --- [main] o.s.b.a.w.s.WelcomePageHandlerMapping    : Adding welcome page template: index
2019-07-13 19:30:13.340  INFO 12900 --- [main] o.s.s.web.DefaultSecurityFilterChain     : Creating filter chain: any request, [org.springframework.security.web.context.request.async.WebAsyncManagerIntegrationFilter@54d60fa1, org.springframework.security.web.context.SecurityContextPersistenceFilter@39afe59f, org.springframework.security.web.header.HeaderWriterFilter@578b2dec, org.springframework.security.web.csrf.CsrfFilter@2b6b487c, org.springframework.security.web.authentication.logout.LogoutFilter@311d28f5, org.springframework.security.web.authentication.UsernamePasswordAuthenticationFilter@74431832, org.springframework.security.web.savedrequest.RequestCacheAwareFilter@4ede035e, org.springframework.security.web.servletapi.SecurityContextHolderAwareRequestFilter@69bc4024, org.springframework.security.web.authentication.AnonymousAuthenticationFilter@1cb849b2, org.springframework.security.web.session.SessionManagementFilter@218f2f51, org.springframework.security.web.access.ExceptionTranslationFilter@6cd66f6a, org.springframework.security.web.access.intercept.FilterSecurityInterceptor@4ab9d160]
2019-07-13 19:30:13.612  INFO 12900 --- [main] o.s.b.w.embedded.tomcat.TomcatWebServer  : Tomcat started on port(s): 8080 (http) with context path ''
2019-07-13 19:30:13.615  INFO 12900 --- [main] c.classproject.ClassProjectApplication   : Started ClassProjectApplication in 19.296 seconds (JVM running for 20.603)
2019-07-13 19:30:34.833  INFO 12900 --- [http-nio-8080-exec-1] o.a.c.c.C.[Tomcat].[localhost].[/]       : Initializing Spring DispatcherServlet 'dispatcherServlet'
2019-07-13 19:30:34.834  INFO 12900 --- [http-nio-8080-exec-1] o.s.web.servlet.DispatcherServlet        : Initializing Servlet 'dispatcherServlet'
2019-07-13 19:30:34.851  INFO 12900 --- [http-nio-8080-exec-1] o.s.web.servlet.DispatcherServlet        : Completed initialization in 17 ms
2019-07-13 19:31:25.794  INFO 12900 --- [http-nio-8080-exec-8] o.h.h.i.QueryTranslatorFactoryInitiator  : HHH000397: Using ASTQueryTranslatorFactory
2019-07-13 19:35:08.321  INFO 12900 --- [RMI TCP Connection(2)-127.0.0.1] inMXBeanRegistrar$SpringApplicationAdmin : Application shutdown requested.
2019-07-13 19:35:08.325  INFO 12900 --- [RMI TCP Connection(2)-127.0.0.1] o.s.s.concurrent.ThreadPoolTaskExecutor  : Shutting down ExecutorService 'applicationTaskExecutor'
2019-07-13 19:35:08.328  INFO 12900 --- [RMI TCP Connection(2)-127.0.0.1] j.LocalContainerEntityManagerFactoryBean : Closing JPA EntityManagerFactory for persistence unit 'default'
2019-07-13 19:35:08.334  INFO 12900 --- [RMI TCP Connection(2)-127.0.0.1] com.zaxxer.hikari.HikariDataSource       : HikariPool-1 - Shutdown initiated...
2019-07-13 19:35:08.351  INFO 12900 --- [RMI TCP Connection(2)-127.0.0.1] com.zaxxer.hikari.HikariDataSource       : HikariPool-1 - Shutdown completed.
